2022-11-07 09:42:42 [http-nio-9095-exec-2] INFO  : Completed initialization in 3 ms
2022-11-07 09:42:42 [http-nio-9095-exec-2] INFO  : Opened connection [connectionId{localValue:3, serverValue:30}] to localhost:27017
2022-11-07 09:45:35 [File Watcher] INFO  : Restarting due to 1 class path change (0 additions, 0 deletions, 1 modification)
2022-11-07 09:45:35 [Thread-7] INFO  : Pausing ProtocolHandler ["http-nio-9095"]
2022-11-07 09:45:35 [Thread-7] INFO  : Stopping service [Tomcat]
2022-11-07 09:45:35 [Thread-7] INFO  : Destroying Spring FrameworkServlet 'dispatcherServlet'
2022-11-07 09:45:35 [Thread-7] INFO  : Stopping ProtocolHandler ["http-nio-9095"]
2022-11-07 09:45:35 [Thread-7] INFO  : Destroying ProtocolHandler ["http-nio-9095"]
2022-11-07 09:45:36 [restartedMain] INFO  : Starting LogAuditServiceApplication using Java 1.8.0_201 on DESKTOP-OQHO3P0 with PID 16628 (C:\Users\Welcome\Downloads\log-audit-service\log-audit-service\target\classes started by Welcome in C:\Users\Welcome\Downloads\log-audit-service\log-audit-service)
2022-11-07 09:45:36 [restartedMain] INFO  : No active profile set, falling back to 1 default profile: "default"
2022-11-07 09:45:36 [restartedMain] INFO  : Bootstrapping Spring Data MongoDB repositories in DEFAULT mode.
2022-11-07 09:45:36 [restartedMain] INFO  : Finished Spring Data repository scanning in 6 ms. Found 1 MongoDB repository interfaces.
2022-11-07 09:45:37 [restartedMain] INFO  : Tomcat initialized with port(s): 9095 (http)
2022-11-07 09:45:37 [restartedMain] INFO  : Initializing ProtocolHandler ["http-nio-9095"]
2022-11-07 09:45:37 [restartedMain] INFO  : Starting service [Tomcat]
2022-11-07 09:45:37 [restartedMain] INFO  : Starting Servlet engine: [Apache Tomcat/9.0.68]
2022-11-07 09:45:37 [restartedMain] INFO  : Initializing Spring embedded WebApplicationContext
2022-11-07 09:45:37 [restartedMain] INFO  : Root WebApplicationContext: initialization completed in 716 ms
2022-11-07 09:45:37 [restartedMain] INFO  : MongoClient with metadata {"driver": {"name": "mongo-java-driver|sync|spring-boot", "version": "4.6.1"}, "os": {"type": "Windows", "name": "Windows 10", "architecture": "amd64", "version": "10.0"}, "platform": "Java/Oracle Corporation/1.8.0_201-b09"} created with settings MongoClientSettings{readPreference=primary, writeConcern=WriteConcern{w=null, wTimeout=null ms, journal=null}, retryWrites=true, retryReads=true, readConcern=ReadConcern{level=null}, credential=null, streamFactoryFactory=null, commandListeners=[], codecRegistry=ProvidersCodecRegistry{codecProviders=[ValueCodecProvider{}, BsonValueCodecProvider{}, DBRefCodecProvider{}, DBObjectCodecProvider{}, DocumentCodecProvider{}, IterableCodecProvider{}, MapCodecProvider{}, GeoJsonCodecProvider{}, GridFSFileCodecProvider{}, Jsr310CodecProvider{}, JsonObjectCodecProvider{}, BsonCodecProvider{}, EnumCodecProvider{}, com.mongodb.Jep395RecordCodecProvider@341bbf4]}, clusterSettings={hosts=[localhost:27017], srvServiceName=mongodb, mode=SINGLE, requiredClusterType=UNKNOWN, requiredReplicaSetName='null', serverSelector='null', clusterListeners='[]', serverSelectionTimeout='30000 ms', localThreshold='30000 ms'}, socketSettings=SocketSettings{connectTimeoutMS=10000, readTimeoutMS=0, receiveBufferSize=0, sendBufferSize=0}, heartbeatSocketSettings=SocketSettings{connectTimeoutMS=10000, readTimeoutMS=10000, receiveBufferSize=0, sendBufferSize=0}, connectionPoolSettings=ConnectionPoolSettings{maxSize=100, minSize=0, maxWaitTimeMS=120000, maxConnectionLifeTimeMS=0, maxConnectionIdleTimeMS=0, maintenanceInitialDelayMS=0, maintenanceFrequencyMS=60000, connectionPoolListeners=[], maxConnecting=2}, serverSettings=ServerSettings{heartbeatFrequencyMS=10000, minHeartbeatFrequencyMS=500, serverListeners='[]', serverMonitorListeners='[]'}, sslSettings=SslSettings{enabled=false, invalidHostNameAllowed=false, context=null}, applicationName='null', compressorList=[], uuidRepresentation=JAVA_LEGACY, serverApi=null, autoEncryptionSettings=null, contextProvider=null}
2022-11-07 09:45:37 [cluster-rtt-ClusterId{value='636886693dc29347dd16e37a', description='null'}-localhost:27017] INFO  : Opened connection [connectionId{localValue:5, serverValue:40}] to localhost:27017
2022-11-07 09:45:37 [cluster-ClusterId{value='636886693dc29347dd16e37a', description='null'}-localhost:27017] INFO  : Opened connection [connectionId{localValue:4, serverValue:41}] to localhost:27017
2022-11-07 09:45:37 [cluster-ClusterId{value='636886693dc29347dd16e37a', description='null'}-localhost:27017] INFO  : Monitor thread successfully connected to server with description ServerDescription{address=localhost:27017, type=STANDALONE, state=CONNECTED, ok=true, minWireVersion=0, maxWireVersion=13, maxDocumentSize=16777216, logicalSessionTimeoutMinutes=30, roundTripTimeNanos=5872500}
2022-11-07 09:45:37 [restartedMain] INFO  : LiveReload server is running on port 35729
2022-11-07 09:45:37 [restartedMain] INFO  : Starting ProtocolHandler ["http-nio-9095"]
2022-11-07 09:45:37 [restartedMain] INFO  : Tomcat started on port(s): 9095 (http) with context path ''
2022-11-07 09:45:37 [restartedMain] INFO  : Started LogAuditServiceApplication in 1.348 seconds (JVM running for 348.693)
2022-11-07 09:45:37 [restartedMain] INFO  : Condition evaluation unchanged
2022-11-07 09:46:39 [File Watcher] INFO  : Restarting due to 1 class path change (1 addition, 0 deletions, 0 modifications)
2022-11-07 09:46:39 [Thread-14] INFO  : Pausing ProtocolHandler ["http-nio-9095"]
2022-11-07 09:46:39 [Thread-14] INFO  : Stopping service [Tomcat]
2022-11-07 09:46:39 [Thread-14] INFO  : Stopping ProtocolHandler ["http-nio-9095"]
2022-11-07 09:46:39 [Thread-14] INFO  : Destroying ProtocolHandler ["http-nio-9095"]
2022-11-07 09:46:40 [restartedMain] INFO  : Starting LogAuditServiceApplication using Java 1.8.0_201 on DESKTOP-OQHO3P0 with PID 16628 (C:\Users\Welcome\Downloads\log-audit-service\log-audit-service\target\classes started by Welcome in C:\Users\Welcome\Downloads\log-audit-service\log-audit-service)
2022-11-07 09:46:40 [restartedMain] INFO  : No active profile set, falling back to 1 default profile: "default"
2022-11-07 09:46:40 [restartedMain] INFO  : Bootstrapping Spring Data MongoDB repositories in DEFAULT mode.
2022-11-07 09:46:40 [restartedMain] INFO  : Finished Spring Data repository scanning in 7 ms. Found 1 MongoDB repository interfaces.
2022-11-07 09:46:40 [restartedMain] INFO  : Tomcat initialized with port(s): 9095 (http)
2022-11-07 09:46:40 [restartedMain] INFO  : Initializing ProtocolHandler ["http-nio-9095"]
2022-11-07 09:46:40 [restartedMain] INFO  : Starting service [Tomcat]
2022-11-07 09:46:40 [restartedMain] INFO  : Starting Servlet engine: [Apache Tomcat/9.0.68]
2022-11-07 09:46:40 [restartedMain] INFO  : Initializing Spring embedded WebApplicationContext
2022-11-07 09:46:40 [restartedMain] INFO  : Root WebApplicationContext: initialization completed in 425 ms
2022-11-07 09:46:40 [restartedMain] INFO  : MongoClient with metadata {"driver": {"name": "mongo-java-driver|sync|spring-boot", "version": "4.6.1"}, "os": {"type": "Windows", "name": "Windows 10", "architecture": "amd64", "version": "10.0"}, "platform": "Java/Oracle Corporation/1.8.0_201-b09"} created with settings MongoClientSettings{readPreference=primary, writeConcern=WriteConcern{w=null, wTimeout=null ms, journal=null}, retryWrites=true, retryReads=true, readConcern=ReadConcern{level=null}, credential=null, streamFactoryFactory=null, commandListeners=[], codecRegistry=ProvidersCodecRegistry{codecProviders=[ValueCodecProvider{}, BsonValueCodecProvider{}, DBRefCodecProvider{}, DBObjectCodecProvider{}, DocumentCodecProvider{}, IterableCodecProvider{}, MapCodecProvider{}, GeoJsonCodecProvider{}, GridFSFileCodecProvider{}, Jsr310CodecProvider{}, JsonObjectCodecProvider{}, BsonCodecProvider{}, EnumCodecProvider{}, com.mongodb.Jep395RecordCodecProvider@341bbf4]}, clusterSettings={hosts=[localhost:27017], srvServiceName=mongodb, mode=SINGLE, requiredClusterType=UNKNOWN, requiredReplicaSetName='null', serverSelector='null', clusterListeners='[]', serverSelectionTimeout='30000 ms', localThreshold='30000 ms'}, socketSettings=SocketSettings{connectTimeoutMS=10000, readTimeoutMS=0, receiveBufferSize=0, sendBufferSize=0}, heartbeatSocketSettings=SocketSettings{connectTimeoutMS=10000, readTimeoutMS=10000, receiveBufferSize=0, sendBufferSize=0}, connectionPoolSettings=ConnectionPoolSettings{maxSize=100, minSize=0, maxWaitTimeMS=120000, maxConnectionLifeTimeMS=0, maxConnectionIdleTimeMS=0, maintenanceInitialDelayMS=0, maintenanceFrequencyMS=60000, connectionPoolListeners=[], maxConnecting=2}, serverSettings=ServerSettings{heartbeatFrequencyMS=10000, minHeartbeatFrequencyMS=500, serverListeners='[]', serverMonitorListeners='[]'}, sslSettings=SslSettings{enabled=false, invalidHostNameAllowed=false, context=null}, applicationName='null', compressorList=[], uuidRepresentation=JAVA_LEGACY, serverApi=null, autoEncryptionSettings=null, contextProvider=null}
2022-11-07 09:46:40 [cluster-rtt-ClusterId{value='636886a83dc29347dd16e37b', description='null'}-localhost:27017] INFO  : Opened connection [connectionId{localValue:7, serverValue:43}] to localhost:27017
2022-11-07 09:46:40 [cluster-ClusterId{value='636886a83dc29347dd16e37b', description='null'}-localhost:27017] INFO  : Opened connection [connectionId{localValue:6, serverValue:42}] to localhost:27017
2022-11-07 09:46:40 [cluster-ClusterId{value='636886a83dc29347dd16e37b', description='null'}-localhost:27017] INFO  : Monitor thread successfully connected to server with description ServerDescription{address=localhost:27017, type=STANDALONE, state=CONNECTED, ok=true, minWireVersion=0, maxWireVersion=13, maxDocumentSize=16777216, logicalSessionTimeoutMinutes=30, roundTripTimeNanos=1476200}
2022-11-07 09:46:40 [restartedMain] INFO  : LiveReload server is running on port 35729
2022-11-07 09:46:40 [restartedMain] INFO  : Starting ProtocolHandler ["http-nio-9095"]
2022-11-07 09:46:40 [restartedMain] INFO  : Tomcat started on port(s): 9095 (http) with context path ''
2022-11-07 09:46:40 [restartedMain] INFO  : Started LogAuditServiceApplication in 0.76 seconds (JVM running for 411.784)
2022-11-07 09:46:40 [restartedMain] INFO  : Condition evaluation unchanged
2022-11-07 09:46:43 [RMI TCP Connection(23)-127.0.0.1] INFO  : Application shutdown requested.
2022-11-07 09:46:44 [RMI TCP Connection(23)-127.0.0.1] INFO  : Pausing ProtocolHandler ["http-nio-9095"]
2022-11-07 09:46:44 [RMI TCP Connection(23)-127.0.0.1] INFO  : Stopping service [Tomcat]
2022-11-07 09:46:44 [RMI TCP Connection(23)-127.0.0.1] INFO  : Stopping ProtocolHandler ["http-nio-9095"]
2022-11-07 09:46:44 [RMI TCP Connection(23)-127.0.0.1] INFO  : Destroying ProtocolHandler ["http-nio-9095"]
2022-11-07 09:52:48 [background-preinit] INFO  : HV000001: Hibernate Validator 6.2.5.Final
2022-11-07 09:52:48 [restartedMain] INFO  : Starting LogAuditServiceApplication using Java 1.8.0_201 on DESKTOP-OQHO3P0 with PID 6520 (C:\Users\Welcome\Downloads\log-audit-service\log-audit-service\target\classes started by Welcome in C:\Users\Welcome\Downloads\log-audit-service\log-audit-service)
2022-11-07 09:52:48 [restartedMain] INFO  : No active profile set, falling back to 1 default profile: "default"
2022-11-07 09:52:48 [restartedMain] INFO  : Devtools property defaults active! Set 'spring.devtools.add-properties' to 'false' to disable
2022-11-07 09:52:48 [restartedMain] INFO  : For additional web related logging consider setting the 'logging.level.web' property to 'DEBUG'
2022-11-07 09:52:49 [restartedMain] INFO  : Bootstrapping Spring Data MongoDB repositories in DEFAULT mode.
2022-11-07 09:52:49 [restartedMain] INFO  : Finished Spring Data repository scanning in 73 ms. Found 1 MongoDB repository interfaces.
2022-11-07 09:52:51 [restartedMain] INFO  : Tomcat initialized with port(s): 9095 (http)
2022-11-07 09:52:51 [restartedMain] INFO  : Initializing ProtocolHandler ["http-nio-9095"]
2022-11-07 09:52:51 [restartedMain] INFO  : Starting service [Tomcat]
2022-11-07 09:52:51 [restartedMain] INFO  : Starting Servlet engine: [Apache Tomcat/9.0.68]
2022-11-07 09:52:51 [restartedMain] INFO  : Initializing Spring embedded WebApplicationContext
2022-11-07 09:52:51 [restartedMain] INFO  : Root WebApplicationContext: initialization completed in 2379 ms
2022-11-07 09:52:51 [restartedMain] INFO  : MongoClient with metadata {"driver": {"name": "mongo-java-driver|sync|spring-boot", "version": "4.6.1"}, "os": {"type": "Windows", "name": "Windows 10", "architecture": "amd64", "version": "10.0"}, "platform": "Java/Oracle Corporation/1.8.0_201-b09"} created with settings MongoClientSettings{readPreference=primary, writeConcern=WriteConcern{w=null, wTimeout=null ms, journal=null}, retryWrites=true, retryReads=true, readConcern=ReadConcern{level=null}, credential=null, streamFactoryFactory=null, commandListeners=[], codecRegistry=ProvidersCodecRegistry{codecProviders=[ValueCodecProvider{}, BsonValueCodecProvider{}, DBRefCodecProvider{}, DBObjectCodecProvider{}, DocumentCodecProvider{}, IterableCodecProvider{}, MapCodecProvider{}, GeoJsonCodecProvider{}, GridFSFileCodecProvider{}, Jsr310CodecProvider{}, JsonObjectCodecProvider{}, BsonCodecProvider{}, EnumCodecProvider{}, com.mongodb.Jep395RecordCodecProvider@7c88ea8d]}, clusterSettings={hosts=[localhost:27017], srvServiceName=mongodb, mode=SINGLE, requiredClusterType=UNKNOWN, requiredReplicaSetName='null', serverSelector='null', clusterListeners='[]', serverSelectionTimeout='30000 ms', localThreshold='30000 ms'}, socketSettings=SocketSettings{connectTimeoutMS=10000, readTimeoutMS=0, receiveBufferSize=0, sendBufferSize=0}, heartbeatSocketSettings=SocketSettings{connectTimeoutMS=10000, readTimeoutMS=10000, receiveBufferSize=0, sendBufferSize=0}, connectionPoolSettings=ConnectionPoolSettings{maxSize=100, minSize=0, maxWaitTimeMS=120000, maxConnectionLifeTimeMS=0, maxConnectionIdleTimeMS=0, maintenanceInitialDelayMS=0, maintenanceFrequencyMS=60000, connectionPoolListeners=[], maxConnecting=2}, serverSettings=ServerSettings{heartbeatFrequencyMS=10000, minHeartbeatFrequencyMS=500, serverListeners='[]', serverMonitorListeners='[]'}, sslSettings=SslSettings{enabled=false, invalidHostNameAllowed=false, context=null}, applicationName='null', compressorList=[], uuidRepresentation=JAVA_LEGACY, serverApi=null, autoEncryptionSettings=null, contextProvider=null}
2022-11-07 09:52:51 [cluster-rtt-ClusterId{value='6368881b1d2f115b938f7b93', description='null'}-localhost:27017] INFO  : Opened connection [connectionId{localValue:2, serverValue:44}] to localhost:27017
2022-11-07 09:52:51 [cluster-ClusterId{value='6368881b1d2f115b938f7b93', description='null'}-localhost:27017] INFO  : Opened connection [connectionId{localValue:1, serverValue:45}] to localhost:27017
2022-11-07 09:52:51 [cluster-ClusterId{value='6368881b1d2f115b938f7b93', description='null'}-localhost:27017] INFO  : Monitor thread successfully connected to server with description ServerDescription{address=localhost:27017, type=STANDALONE, state=CONNECTED, ok=true, minWireVersion=0, maxWireVersion=13, maxDocumentSize=16777216, logicalSessionTimeoutMinutes=30, roundTripTimeNanos=35415000}
2022-11-07 09:52:52 [restartedMain] INFO  : LiveReload server is running on port 35729
2022-11-07 09:52:52 [restartedMain] INFO  : Starting ProtocolHandler ["http-nio-9095"]
2022-11-07 09:52:52 [restartedMain] INFO  : Tomcat started on port(s): 9095 (http) with context path ''
2022-11-07 09:52:53 [restartedMain] INFO  : Started LogAuditServiceApplication in 5.182 seconds (JVM running for 6.445)
2022-11-07 09:53:59 [File Watcher] INFO  : Restarting due to 1 class path change (0 additions, 0 deletions, 1 modification)
2022-11-07 09:53:59 [Thread-7] INFO  : Pausing ProtocolHandler ["http-nio-9095"]
2022-11-07 09:53:59 [Thread-7] INFO  : Stopping service [Tomcat]
2022-11-07 09:53:59 [Thread-7] INFO  : Stopping ProtocolHandler ["http-nio-9095"]
2022-11-07 09:53:59 [Thread-7] INFO  : Destroying ProtocolHandler ["http-nio-9095"]
2022-11-07 09:53:59 [restartedMain] INFO  : Starting LogAuditServiceApplication using Java 1.8.0_201 on DESKTOP-OQHO3P0 with PID 6520 (C:\Users\Welcome\Downloads\log-audit-service\log-audit-service\target\classes started by Welcome in C:\Users\Welcome\Downloads\log-audit-service\log-audit-service)
2022-11-07 09:53:59 [restartedMain] INFO  : No active profile set, falling back to 1 default profile: "default"
2022-11-07 09:54:00 [restartedMain] INFO  : Bootstrapping Spring Data MongoDB repositories in DEFAULT mode.
2022-11-07 09:54:00 [restartedMain] INFO  : Finished Spring Data repository scanning in 16 ms. Found 1 MongoDB repository interfaces.
2022-11-07 09:54:00 [restartedMain] INFO  : Tomcat initialized with port(s): 9095 (http)
2022-11-07 09:54:00 [restartedMain] INFO  : Initializing ProtocolHandler ["http-nio-9095"]
2022-11-07 09:54:00 [restartedMain] INFO  : Starting service [Tomcat]
2022-11-07 09:54:00 [restartedMain] INFO  : Starting Servlet engine: [Apache Tomcat/9.0.68]
2022-11-07 09:54:00 [restartedMain] INFO  : Initializing Spring embedded WebApplicationContext
2022-11-07 09:54:00 [restartedMain] INFO  : Root WebApplicationContext: initialization completed in 928 ms
2022-11-07 09:54:00 [restartedMain] INFO  : MongoClient with metadata {"driver": {"name": "mongo-java-driver|sync|spring-boot", "version": "4.6.1"}, "os": {"type": "Windows", "name": "Windows 10", "architecture": "amd64", "version": "10.0"}, "platform": "Java/Oracle Corporation/1.8.0_201-b09"} created with settings MongoClientSettings{readPreference=primary, writeConcern=WriteConcern{w=null, wTimeout=null ms, journal=null}, retryWrites=true, retryReads=true, readConcern=ReadConcern{level=null}, credential=null, streamFactoryFactory=null, commandListeners=[], codecRegistry=ProvidersCodecRegistry{codecProviders=[ValueCodecProvider{}, BsonValueCodecProvider{}, DBRefCodecProvider{}, DBObjectCodecProvider{}, DocumentCodecProvider{}, IterableCodecProvider{}, MapCodecProvider{}, GeoJsonCodecProvider{}, GridFSFileCodecProvider{}, Jsr310CodecProvider{}, JsonObjectCodecProvider{}, BsonCodecProvider{}, EnumCodecProvider{}, com.mongodb.Jep395RecordCodecProvider@7c88ea8d]}, clusterSettings={hosts=[localhost:27017], srvServiceName=mongodb, mode=SINGLE, requiredClusterType=UNKNOWN, requiredReplicaSetName='null', serverSelector='null', clusterListeners='[]', serverSelectionTimeout='30000 ms', localThreshold='30000 ms'}, socketSettings=SocketSettings{connectTimeoutMS=10000, readTimeoutMS=0, receiveBufferSize=0, sendBufferSize=0}, heartbeatSocketSettings=SocketSettings{connectTimeoutMS=10000, readTimeoutMS=10000, receiveBufferSize=0, sendBufferSize=0}, connectionPoolSettings=ConnectionPoolSettings{maxSize=100, minSize=0, maxWaitTimeMS=120000, maxConnectionLifeTimeMS=0, maxConnectionIdleTimeMS=0, maintenanceInitialDelayMS=0, maintenanceFrequencyMS=60000, connectionPoolListeners=[], maxConnecting=2}, serverSettings=ServerSettings{heartbeatFrequencyMS=10000, minHeartbeatFrequencyMS=500, serverListeners='[]', serverMonitorListeners='[]'}, sslSettings=SslSettings{enabled=false, invalidHostNameAllowed=false, context=null}, applicationName='null', compressorList=[], uuidRepresentation=JAVA_LEGACY, serverApi=null, autoEncryptionSettings=null, contextProvider=null}
2022-11-07 09:54:00 [cluster-rtt-ClusterId{value='636888601d2f115b938f7b94', description='null'}-localhost:27017] INFO  : Opened connection [connectionId{localValue:4, serverValue:46}] to localhost:27017
2022-11-07 09:54:00 [cluster-ClusterId{value='636888601d2f115b938f7b94', description='null'}-localhost:27017] INFO  : Opened connection [connectionId{localValue:3, serverValue:47}] to localhost:27017
2022-11-07 09:54:00 [cluster-ClusterId{value='636888601d2f115b938f7b94', description='null'}-localhost:27017] INFO  : Monitor thread successfully connected to server with description ServerDescription{address=localhost:27017, type=STANDALONE, state=CONNECTED, ok=true, minWireVersion=0, maxWireVersion=13, maxDocumentSize=16777216, logicalSessionTimeoutMinutes=30, roundTripTimeNanos=6635600}
2022-11-07 09:54:00 [restartedMain] INFO  : LiveReload server is running on port 35729
2022-11-07 09:54:01 [restartedMain] INFO  : Starting ProtocolHandler ["http-nio-9095"]
2022-11-07 09:54:01 [restartedMain] INFO  : Tomcat started on port(s): 9095 (http) with context path ''
2022-11-07 09:54:01 [restartedMain] INFO  : Started LogAuditServiceApplication in 1.685 seconds (JVM running for 74.779)
2022-11-07 09:54:01 [restartedMain] INFO  : Condition evaluation unchanged
2022-11-07 09:55:12 [File Watcher] INFO  : Restarting due to 1 class path change (0 additions, 0 deletions, 1 modification)
2022-11-07 09:55:12 [Thread-14] INFO  : Pausing ProtocolHandler ["http-nio-9095"]
2022-11-07 09:55:12 [Thread-14] INFO  : Stopping service [Tomcat]
2022-11-07 09:55:12 [Thread-14] INFO  : Stopping ProtocolHandler ["http-nio-9095"]
2022-11-07 09:55:12 [Thread-14] INFO  : Destroying ProtocolHandler ["http-nio-9095"]
2022-11-07 09:55:13 [restartedMain] INFO  : Starting LogAuditServiceApplication using Java 1.8.0_201 on DESKTOP-OQHO3P0 with PID 6520 (C:\Users\Welcome\Downloads\log-audit-service\log-audit-service\target\classes started by Welcome in C:\Users\Welcome\Downloads\log-audit-service\log-audit-service)
2022-11-07 09:55:13 [restartedMain] INFO  : No active profile set, falling back to 1 default profile: "default"
2022-11-07 09:55:13 [restartedMain] INFO  : Bootstrapping Spring Data MongoDB repositories in DEFAULT mode.
2022-11-07 09:55:13 [restartedMain] INFO  : Finished Spring Data repository scanning in 8 ms. Found 1 MongoDB repository interfaces.
2022-11-07 09:55:13 [restartedMain] INFO  : Tomcat initialized with port(s): 9095 (http)
2022-11-07 09:55:13 [restartedMain] INFO  : Initializing ProtocolHandler ["http-nio-9095"]
2022-11-07 09:55:13 [restartedMain] INFO  : Starting service [Tomcat]
2022-11-07 09:55:13 [restartedMain] INFO  : Starting Servlet engine: [Apache Tomcat/9.0.68]
2022-11-07 09:55:13 [restartedMain] INFO  : Initializing Spring embedded WebApplicationContext
2022-11-07 09:55:13 [restartedMain] INFO  : Root WebApplicationContext: initialization completed in 484 ms
2022-11-07 09:55:13 [restartedMain] INFO  : MongoClient with metadata {"driver": {"name": "mongo-java-driver|sync|spring-boot", "version": "4.6.1"}, "os": {"type": "Windows", "name": "Windows 10", "architecture": "amd64", "version": "10.0"}, "platform": "Java/Oracle Corporation/1.8.0_201-b09"} created with settings MongoClientSettings{readPreference=primary, writeConcern=WriteConcern{w=null, wTimeout=null ms, journal=null}, retryWrites=true, retryReads=true, readConcern=ReadConcern{level=null}, credential=null, streamFactoryFactory=null, commandListeners=[], codecRegistry=ProvidersCodecRegistry{codecProviders=[ValueCodecProvider{}, BsonValueCodecProvider{}, DBRefCodecProvider{}, DBObjectCodecProvider{}, DocumentCodecProvider{}, IterableCodecProvider{}, MapCodecProvider{}, GeoJsonCodecProvider{}, GridFSFileCodecProvider{}, Jsr310CodecProvider{}, JsonObjectCodecProvider{}, BsonCodecProvider{}, EnumCodecProvider{}, com.mongodb.Jep395RecordCodecProvider@7c88ea8d]}, clusterSettings={hosts=[localhost:27017], srvServiceName=mongodb, mode=SINGLE, requiredClusterType=UNKNOWN, requiredReplicaSetName='null', serverSelector='null', clusterListeners='[]', serverSelectionTimeout='30000 ms', localThreshold='30000 ms'}, socketSettings=SocketSettings{connectTimeoutMS=10000, readTimeoutMS=0, receiveBufferSize=0, sendBufferSize=0}, heartbeatSocketSettings=SocketSettings{connectTimeoutMS=10000, readTimeoutMS=10000, receiveBufferSize=0, sendBufferSize=0}, connectionPoolSettings=ConnectionPoolSettings{maxSize=100, minSize=0, maxWaitTimeMS=120000, maxConnectionLifeTimeMS=0, maxConnectionIdleTimeMS=0, maintenanceInitialDelayMS=0, maintenanceFrequencyMS=60000, connectionPoolListeners=[], maxConnecting=2}, serverSettings=ServerSettings{heartbeatFrequencyMS=10000, minHeartbeatFrequencyMS=500, serverListeners='[]', serverMonitorListeners='[]'}, sslSettings=SslSettings{enabled=false, invalidHostNameAllowed=false, context=null}, applicationName='null', compressorList=[], uuidRepresentation=JAVA_LEGACY, serverApi=null, autoEncryptionSettings=null, contextProvider=null}
2022-11-07 09:55:13 [cluster-rtt-ClusterId{value='636888a91d2f115b938f7b95', description='null'}-localhost:27017] INFO  : Opened connection [connectionId{localValue:6, serverValue:51}] to localhost:27017
2022-11-07 09:55:13 [cluster-ClusterId{value='636888a91d2f115b938f7b95', description='null'}-localhost:27017] INFO  : Opened connection [connectionId{localValue:5, serverValue:52}] to localhost:27017
2022-11-07 09:55:13 [cluster-ClusterId{value='636888a91d2f115b938f7b95', description='null'}-localhost:27017] INFO  : Monitor thread successfully connected to server with description ServerDescription{address=localhost:27017, type=STANDALONE, state=CONNECTED, ok=true, minWireVersion=0, maxWireVersion=13, maxDocumentSize=16777216, logicalSessionTimeoutMinutes=30, roundTripTimeNanos=2177100}
2022-11-07 09:55:13 [restartedMain] INFO  : LiveReload server is running on port 35729
2022-11-07 09:55:13 [restartedMain] INFO  : Starting ProtocolHandler ["http-nio-9095"]
2022-11-07 09:55:13 [restartedMain] INFO  : Tomcat started on port(s): 9095 (http) with context path ''
2022-11-07 09:55:13 [restartedMain] INFO  : Started LogAuditServiceApplication in 0.867 seconds (JVM running for 147.25)
2022-11-07 09:55:13 [restartedMain] INFO  : Condition evaluation unchanged
2022-11-07 09:55:41 [http-nio-9095-exec-1] INFO  : Initializing Spring DispatcherServlet 'dispatcherServlet'
2022-11-07 09:55:41 [http-nio-9095-exec-1] INFO  : Initializing Servlet 'dispatcherServlet'
2022-11-07 09:55:41 [http-nio-9095-exec-1] INFO  : Completed initialization in 4 ms
2022-11-07 09:55:42 [http-nio-9095-exec-1] ERROR : class-admin:method-createuser:requestobject(usename:abcd,password:***,address:hyd):problem:uniq constrain username already exist
2022-11-07 09:55:42 [http-nio-9095-exec-1] INFO  : Opened connection [connectionId{localValue:7, serverValue:53}] to localhost:27017
